# JRE version: OpenJDK Runtime Environment Zulu11.64+19-CA (11.0.19+7) (build 11.0.19+7-LTS)
# Java VM: OpenJDK 64-Bit Server VM Zulu11.64+19-CA (11.0.19+7-LTS, mixed mode, tiered, compressed oops, g1 gc, windows-amd64)
Heap:
 garbage-first heap   total 262144K, used 65755K [0x0000000701e00000, 0x0000000800000000)
  region size 1024K, 42 young (43008K), 6 survivors (6144K)
 Metaspace       used 38316K, capacity 39811K, committed 40140K, reserved 1083392K
  class space    used 4857K, capacity 5483K, committed 5580K, reserved 1048576K
GC Heap History (8 events):
Event: 0.652 GC heap before
{Heap before GC invocations=0 (full 0):
 garbage-first heap   total 262144K, used 23552K [0x0000000701e00000, 0x0000000800000000)
  region size 1024K, 24 young (24576K), 0 survivors (0K)
 Metaspace       used 11259K, capacity 11623K, committed 11776K, reserved 1060864K
  class space    used 1121K, capacity 1268K, committed 1280K, reserved 1048576K
}
Event: 0.655 GC heap after
{Heap after GC invocations=1 (full 0):
 garbage-first heap   total 262144K, used 2902K [0x0000000701e00000, 0x0000000800000000)
  region size 1024K, 3 young (3072K), 3 survivors (3072K)
 Metaspace       used 11259K, capacity 11623K, committed 11776K, reserved 1060864K
  class space    used 1121K, capacity 1268K, committed 1280K, reserved 1048576K
}
Event: 1.315 GC heap before
{Heap before GC invocations=1 (full 0):
 garbage-first heap   total 262144K, used 47958K [0x0000000701e00000, 0x0000000800000000)
  region size 1024K, 33 young (33792K), 3 survivors (3072K)
 Metaspace       used 20637K, capacity 21216K, committed 21248K, reserved 1067008K
  class space    used 2514K, capacity 2792K, committed 2816K, reserved 1048576K
}
Event: 1.323 GC heap after
{Heap after GC invocations=2 (full 0):
 garbage-first heap   total 262144K, used 21897K [0x0000000701e00000, 0x0000000800000000)
  region size 1024K, 7 young (7168K), 7 survivors (7168K)
 Metaspace       used 20637K, capacity 21216K, committed 21248K, reserved 1067008K
  class space    used 2514K, capacity 2792K, committed 2816K, reserved 1048576K
}
Event: 7.811 GC heap before
{Heap before GC invocations=3 (full 0):
 garbage-first heap   total 262144K, used 69001K [0x0000000701e00000, 0x0000000800000000)
  region size 1024K, 52 young (53248K), 7 survivors (7168K)
 Metaspace       used 32795K, capacity 33851K, committed 34176K, reserved 1079296K
  class space    used 4214K, capacity 4640K, committed 4736K, reserved 1048576K
}
Event: 7.819 GC heap after
{Heap after GC invocations=4 (full 0):
 garbage-first heap   total 262144K, used 28242K [0x0000000701e00000, 0x0000000800000000)
  region size 1024K, 4 young (4096K), 4 survivors (4096K)
 Metaspace       used 32795K, capacity 33851K, committed 34176K, reserved 1079296K
  class space    used 4214K, capacity 4640K, committed 4736K, reserved 1048576K
}
Event: 8.039 GC heap before
{Heap before GC invocations=4 (full 0):
 garbage-first heap   total 262144K, used 36434K [0x0000000701e00000, 0x0000000800000000)
  region size 1024K, 13 young (13312K), 4 survivors (4096K)
 Metaspace       used 34622K, capacity 35834K, committed 35840K, reserved 1081344K
  class space    used 4484K, capacity 4986K, committed 4992K, reserved 1048576K
}
Event: 8.045 GC heap after
{Heap after GC invocations=5 (full 0):
 garbage-first heap   total 262144K, used 29915K [0x0000000701e00000, 0x0000000800000000)
  region size 1024K, 6 young (6144K), 6 survivors (6144K)
 Metaspace       used 34622K, capacity 35834K, committed 35840K, reserved 1081344K
  class space    used 4484K, capacity 4986K, committed 4992K, reserved 1048576K
}

